Drill Listing
=============
Drill: .01181  Tool: 1  Feed: 95  Speed: 300
X 313188  Y 289370
X 329527  Y 293897
X 339370  Y 293897
X 345275  Y 293700
X 364370  Y 293897
X 369488  Y 293307
X 380314  Y 293307
X 384448  Y 297244
X 386811  Y 286732
X 389370  Y 279724
X 389566  Y 294291
X 396653  Y 281102
X 401889  Y 286811
X 404429  Y 278149
X 409448  Y 280314
X 416929  Y 286850
X 419488  Y 294094
X 426771  Y 282086
X 432874  Y 280905
X 435039  Y 297047
X 438779  Y 293700
X 442125  Y 287047
X 449409  Y 295472
X 449429  Y 280511
X 451574  Y 274015
X 458267  Y 280118
X 459448  Y 295078
X 462007  Y 291732
X 467165  Y 286614
X 471614  Y 277165
X 476771  Y 287007
X 523228  Y 290944
X 524015  Y 277362
X 523425  Y 311811
X 523228  Y 306102
X 513976  Y 318503
X 511811  Y 306889
X 511614  Y 300984
X 506889  Y 306889
X 501968  Y 300393
X 501771  Y 307007
X 497834  Y 314173
X 494429  Y 320137
X 486889  Y 306889
X 486417  Y 318503
X 482086  Y 306692
X 479527  Y 313582
X 479429  Y 300984
X 472047  Y 306732
X 469488  Y 312795
X 466929  Y 306850
X 464763  Y 299212
X 464370  Y 312598
X 459448  Y 313385
X 456889  Y 306889
X 454527  Y 312795
X 454527  Y 300787
X 449409  Y 312795
X 447047  Y 306968
X 442125  Y 317322
X 436889  Y 306889
X 434429  Y 314960
X 426889  Y 306889
X 425984  Y 315354
X 423425  Y 322440
X 421889  Y 306889
X 419488  Y 322047
X 416732  Y 306653
X 413070  Y 312992
X 409448  Y 314763
X 406889  Y 306889
X 399901  Y 313877
X 397047  Y 300590
X 394488  Y 312598
X 391929  Y 306850
X 389370  Y 313385
X 384448  Y 316141
X 381889  Y 306889
X 379527  Y 312992
X 376889  Y 306889
X 374409  Y 313385
X 371968  Y 306889
X 370472  Y 300787
X 364566  Y 301181
X 364370  Y 313976
X 359645  Y 316338
X 351968  Y 306811
X 347244  Y 315551
X 346850  Y 306889
X 340551  Y 313228
X 336811  Y 306889
X 334429  Y 312598
X 331889  Y 306889
X 323818  Y 314960
X 313582  Y 344881
X 319094  Y 340944
X 329724  Y 348031
X 360826  Y 336811
X 369094  Y 340944
X 379330  Y 344881
X 381692  Y 348228
X 381889  Y 336811
X 404330  Y 348228
X 443700  Y 338779
X 443897  Y 346259
X 456889  Y 337204
X 457480  Y 346259
X 465551  Y 339960
X 470669  Y 346850
X 471456  Y 342913
X 476771  Y 325000
X 493503  Y 346850
X 496850  Y 329527
X 499015  Y 339960
X 510826  Y 342913
X 527165  Y 344881
X 527362  Y 339566
X 527165  Y 367125
X 524212  Y 350787
X 492913  Y 356889
X 483070  Y 370866
X 466929  Y 350787
X 463188  Y 370866
X 454921  Y 357677
X 447637  Y 359055
X 442519  Y 350196
X 438976  Y 354527
X 438779  Y 359645
X 433070  Y 359645
X 423622  Y 371456
X 394881  Y 351968
X 392913  Y 359251
X 389370  Y 362204
X 380708  Y 351968
X 377952  Y 349606
X 370275  Y 362204
X 367716  Y 359251
X 344488  Y 371456
X 287992  Y 370275
X 258267  Y 398818
X 275196  Y 398622
X 287401  Y 377755
X 288779  Y 387795
X 293700  Y 377755
X 294291  Y 391338
X 299409  Y 394094
X 299803  Y 387598
X 326968  Y 383267
X 332283  Y 390748
X 340551  Y 376377
X 340944  Y 386614
X 379133  Y 393110
X 380905  Y 374606
X 391732  Y 394291
X 391929  Y 374606
X 395669  Y 394094
X 397834  Y 374212
X 412992  Y 394094
X 416535  Y 383267
X 416929  Y 374409
X 424803  Y 380314
X 442125  Y 390748
X 445275  Y 396653
X 446062  Y 382874
X 476574  Y 382874
X 478346  Y 389566
X 520078  Y 395275
X 529921  Y 390944
X 531496  Y 387401
X 540157  Y 394685
X 588976  Y 399015
X 574803  Y 421653
X 544488  Y 410433
X 543897  Y 422440
X 537992  Y 416535
X 534055  Y 406496
X 521456  Y 409055
X 517716  Y 409251
X 502165  Y 420669
X 488976  Y 419488
X 487007  Y 403543
X 481496  Y 416535
X 472637  Y 419291
X 470275  Y 409251
X 460433  Y 412401
X 451181  Y 410826
X 449212  Y 414370
X 445669  Y 421062
X 438976  Y 421259
X 435826  Y 403346
X 427559  Y 415157
X 423425  Y 408070
X 417125  Y 417716
X 407086  Y 399409
X 404921  Y 423031
X 381692  Y 400196
X 364370  Y 423031
X 354724  Y 414566
X 351968  Y 404527
X 349212  Y 417913
X 346850  Y 420669
X 343897  Y 408070
X 336614  Y 411023
X 323818  Y 413779
X 323818  Y 420866
X 322047  Y 417913
X 315157  Y 404724
X 307480  Y 411220
X 306889  Y 401181
X 303346  Y 401377
X 296850  Y 411023
X 293700  Y 413779
X 289370  Y 401968
X 240354  Y 442125
X 263779  Y 446653
X 278543  Y 426377
X 287992  Y 435433
X 291732  Y 438976
X 294291  Y 447244
X 316732  Y 448818
X 322440  Y 424409
X 322834  Y 427952
X 332480  Y 441929
X 362007  Y 443700
X 367716  Y 432480
X 370472  Y 435433
X 375000  Y 439370
X 377362  Y 447047
X 398622  Y 433858
X 400393  Y 444685
X 407480  Y 427755
X 429133  Y 427952
X 442125  Y 426574
X 448031  Y 435433
X 448228  Y 447244
X 456889  Y 447244
X 482283  Y 447440
X 483858  Y 433464
X 484251  Y 444094
X 506889  Y 428346
X 514763  Y 445275
X 532086  Y 435433
X 535039  Y 429133
X 543700  Y 447244
X 546653  Y 439370
X 589566  Y 441338
X 586417  Y 449409
X 585826  Y 453543
X 582874  Y 457086
X 568110  Y 462795
X 567716  Y 473228
X 550393  Y 455511
X 550196  Y 462992
X 549606  Y 451377
X 545669  Y 467125
X 531496  Y 463385
X 514370  Y 457480
X 514370  Y 461417
X 514173  Y 449606
X 513582  Y 472440
X 498622  Y 457086
X 498622  Y 453346
X 498425  Y 449212
X 498228  Y 464960
X 484251  Y 472637
X 467519  Y 466929
X 467125  Y 462992
X 466929  Y 454921
X 462992  Y 450984
X 430118  Y 457480
X 429921  Y 461417
X 429330  Y 449606
X 415748  Y 472834
X 414960  Y 449015
X 414566  Y 453346
X 414173  Y 457086
X 414173  Y 464763
X 400393  Y 471653
X 384251  Y 455118
X 383267  Y 466929
X 383070  Y 470866
X 380314  Y 451181
X 379527  Y 462992
X 364763  Y 472637
X 363188  Y 462992
X 346653  Y 461417
X 346456  Y 457480
X 345669  Y 449606
X 331692  Y 453149
X 330905  Y 457086
X 330314  Y 469094
X 316141  Y 472440
X 315944  Y 462992
X 300196  Y 462992
X 298818  Y 466929
X 298031  Y 455118
X 297047  Y 451181
X 262598  Y 458661
X 246062  Y 469488
X 234645  Y 467716
X 307480  Y 478149
X 322834  Y 476574
X 335236  Y 483661
X 337598  Y 487401
X 341141  Y 479133
X 361023  Y 496456
X 361614  Y 491732
X 373818  Y 483661
X 375590  Y 487401
X 385433  Y 482283
X 402952  Y 485629
X 404921  Y 476574
X 408070  Y 485629
X 430905  Y 489370
X 433661  Y 482283
X 451771  Y 482283
X 451968  Y 489370
X 475196  Y 476968
X 490944  Y 476574
X 501968  Y 488779
X 510236  Y 494094
X 511023  Y 487795
X 530905  Y 494291
X 531102  Y 487401
X 558858  Y 475000
X 574803  Y 476377
X 537204  Y 542716
X 535629  Y 511023
X 519685  Y 542716
X 519094  Y 510826
X 515551  Y 502559
X 510629  Y 526574
X 501968  Y 500787
X 495275  Y 526574
X 478740  Y 522047
X 478543  Y 526574
X 477952  Y 531496
X 437795  Y 531496
X 437598  Y 526574
X 437401  Y 521850
X 372440  Y 525393
X 372244  Y 530905
X 350000  Y 500787
X 342913  Y 500590
X 329527  Y 519488
X 328937  Y 525393
X 328543  Y 530708
X 313188  Y 525393
X 302362  Y 509055
X 301377  Y 541338
X 298622  Y 525393
X 285039  Y 541338
X 284842  Y 509055

Drill: .037  Tool: 2  Feed: 197  Speed: 550
X 307677  Y 370314
X 307677  Y 360314
X 307677  Y 380314

Drill: .04134  Tool: 3  Feed: 139  Speed: 550
X 262992  Y 439763
X 315354  Y 439763
X 346850  Y 439763
X 399212  Y 439763
X 430708  Y 439763
X 483070  Y 439763
X 514566  Y 439763
X 566929  Y 439763
X 566929  Y 467322
X 514566  Y 467322
X 483070  Y 467322
X 430708  Y 467322
X 399212  Y 467322
X 346850  Y 467322
X 315354  Y 467322
X 262992  Y 467322

Drill: .05  Tool: 4  Feed: 107  Speed: 550
X 309881  Y 309350
X 524468  Y 297342

Drill: .08268  Tool: 5  Feed: 74  Speed: 550
X 227165  Y 411023
X 376968  Y 411417
X 560236  Y 411023
X 574015  Y 533070
X 414960  Y 533070
X 255905  Y 533070

Drill: .1063  Tool: 6  Feed: 69  Speed: 658
X 292913  Y 329330
X 542125  Y 329330

End of Listing
